PS Z:\sevntu_issue_935> ant -buildfile build2.xml -lib .\cs2 -verbose
Apache Ant(TM) version 1.9.6 compiled on June 29 2015
Buildfile: Z:\sevntu_issue_935\build2.xml
Detected Java version: 1.9 in: C:\mde-tools\eclipse-2021-06-jee-kit\openjdk-11.0.10_9
Detected OS: Windows 10
parsing buildfile Z:\sevntu_issue_935\build2.xml with URI = file:/Z:/sevntu_issue_935/build2.xml
Project base dir set to: Z:\sevntu_issue_935
Build sequence for target(s) `build' is [build]
Complete build sequence is [build, ]

build:
parsing buildfile jar:file:/Z:/sevntu_issue_935/./cs2/checkstyle-10.0-all.jar!/com/puppycrawl/tools/checkstyle/ant/antlib.xml with URI = jar:file:/Z:/sevntu_issue_935/./cs2/checkstyle-10.0-all.jar!/com/puppycrawl/tools/checkstyle/ant/antlib.xml from a zip file
parsing buildfile jar:file:/C:/RickysPrograms/apache-ant-1.9.6/lib/ant.jar!/org/apache/tools/ant/antlib.xml with URI = jar:file:/C:/RickysPrograms/apache-ant-1.9.6/lib/ant.jar!/org/apache/tools/ant/antlib.xml from a zip file
[cs:checkstyle] checkstyle version 10.0
[cs:checkstyle] Total execution took 259 ms.

BUILD FAILED
Z:\sevntu_issue_935\build2.xml:4: java.lang.IllegalStateException: java.lang.ClassNotFoundException: com.github.sevntu.checkstyle.checks.annotation.ForbidAnnotationElementValueCheck
        at com.google.common.reflect.ClassPath$ClassInfo.load(ClassPath.java:393)
        at java.base/java.util.stream.ReferencePipeline$3$1.accept(ReferencePipeline.java:195)
        at java.base/java.util.Spliterators$ArraySpliterator.forEachRemaining(Spliterators.java:948)
        at java.base/java.util.stream.ReferencePipeline$Head.forEach(ReferencePipeline.java:658)
        at java.base/java.util.stream.ReferencePipeline$7$1.accept(ReferencePipeline.java:274)
        at java.base/java.util.Iterator.forEachRemaining(Iterator.java:133)
        at java.base/java.util.Spliterators$IteratorSpliterator.forEachRemaining(Spliterators.java:1801)
        at java.base/java.util.stream.AbstractPipeline.copyInto(AbstractPipeline.java:484)
        at java.base/java.util.stream.AbstractPipeline.wrapAndCopyInto(AbstractPipeline.java:474)
        at java.base/java.util.stream.ReduceOps$ReduceOp.evaluateSequential(ReduceOps.java:913)
        at java.base/java.util.stream.AbstractPipeline.evaluate(AbstractPipeline.java:234)
        at java.base/java.util.stream.ReferencePipeline.collect(ReferencePipeline.java:578)
        at com.puppycrawl.tools.checkstyle.utils.ModuleReflectionUtil.getCheckstyleModules(ModuleReflectionUtil.java:64)
        at com.puppycrawl.tools.checkstyle.PackageObjectFactory.generateThirdPartyNameToFullModuleName(PackageObjectFactory.java:307)
        at com.puppycrawl.tools.checkstyle.PackageObjectFactory.createModule(PackageObjectFactory.java:192)
        at com.puppycrawl.tools.checkstyle.TreeWalker.setupChild(TreeWalker.java:119)
        at com.puppycrawl.tools.checkstyle.api.AutomaticBean.configure(AutomaticBean.java:201)
        at com.puppycrawl.tools.checkstyle.Checker.setupChild(Checker.java:471)
        at com.puppycrawl.tools.checkstyle.api.AutomaticBean.configure(AutomaticBean.java:201)
        at com.puppycrawl.tools.checkstyle.ant.CheckstyleAntTask.createRootModule(CheckstyleAntTask.java:424)
        at com.puppycrawl.tools.checkstyle.ant.CheckstyleAntTask.realExecute(CheckstyleAntTask.java:320)
        at com.puppycrawl.tools.checkstyle.ant.CheckstyleAntTask.execute(CheckstyleAntTask.java:302)
        at org.apache.tools.ant.UnknownElement.execute(UnknownElement.java:293)
        at java.base/jdk.internal.reflect.NativeMethodAccessorImpl.invoke0(Native Method)
        at java.base/jdk.internal.reflect.NativeMethodAccessorImpl.invoke(NativeMethodAccessorImpl.java:62)
        at java.base/jdk.internal.reflect.DelegatingMethodAccessorImpl.invoke(DelegatingMethodAccessorImpl.java:43)
        at java.base/java.lang.reflect.Method.invoke(Method.java:566)
        at org.apache.tools.ant.dispatch.DispatchUtils.execute(DispatchUtils.java:106)
        at org.apache.tools.ant.Task.perform(Task.java:348)
        at org.apache.tools.ant.Target.execute(Target.java:435)
        at org.apache.tools.ant.Target.performTasks(Target.java:456)
        at org.apache.tools.ant.Project.executeSortedTargets(Project.java:1405)
        at org.apache.tools.ant.Project.executeTarget(Project.java:1376)
        at org.apache.tools.ant.helper.DefaultExecutor.executeTargets(DefaultExecutor.java:41)
        at org.apache.tools.ant.Project.executeTargets(Project.java:1260)
        at org.apache.tools.ant.Main.runBuild(Main.java:853)
        at org.apache.tools.ant.Main.startAnt(Main.java:235)
        at org.apache.tools.ant.launch.Launcher.run(Launcher.java:285)
        at org.apache.tools.ant.launch.Launcher.main(Launcher.java:112)
Caused by: java.lang.ClassNotFoundException: com.github.sevntu.checkstyle.checks.annotation.ForbidAnnotationElementValueCheck
        at java.base/jdk.internal.loader.BuiltinClassLoader.loadClass(BuiltinClassLoader.java:581)
        at java.base/jdk.internal.loader.ClassLoaders$AppClassLoader.loadClass(ClassLoaders.java:178)
        at java.base/java.lang.ClassLoader.loadClass(ClassLoader.java:522)
        at com.google.common.reflect.ClassPath$ClassInfo.load(ClassPath.java:390)
        ... 38 more

Total time: 0 seconds
